[0.000000] (-) TimerEvent: {}
[0.000190] (-) JobUnselected: {'identifier': 'action_tutorials_cpp'}
[0.000492] (-) JobUnselected: {'identifier': 'action_tutorials_interfaces'}
[0.000511] (-) JobUnselected: {'identifier': 'alicesim'}
[0.000524] (-) JobUnselected: {'identifier': 'bobsim'}
[0.000534] (-) JobUnselected: {'identifier': 'composition'}
[0.000545] (-) JobUnselected: {'identifier': 'composition'}
[0.000554] (-) JobUnselected: {'identifier': 'controller_turtlesim'}
[0.000564] (-) JobUnselected: {'identifier': 'cpp_parameters'}
[0.000573] (-) JobUnselected: {'identifier': 'cpp_pubsub'}
[0.000582] (-) JobUnselected: {'identifier': 'cpp_srvcli'}
[0.000591] (-) JobUnselected: {'identifier': 'examples_rclcpp_async_client'}
[0.000600] (-) JobUnselected: {'identifier': 'examples_rclcpp_cbg_executor'}
[0.000609] (-) JobUnselected: {'identifier': 'examples_rclcpp_minimal_action_client'}
[0.000618] (-) JobUnselected: {'identifier': 'examples_rclcpp_minimal_action_server'}
[0.000628] (-) JobUnselected: {'identifier': 'examples_rclcpp_minimal_client'}
[0.000637] (-) JobUnselected: {'identifier': 'examples_rclcpp_minimal_composition'}
[0.000646] (-) JobUnselected: {'identifier': 'examples_rclcpp_minimal_publisher'}
[0.000655] (-) JobUnselected: {'identifier': 'examples_rclcpp_minimal_service'}
[0.000664] (-) JobUnselected: {'identifier': 'examples_rclcpp_minimal_subscriber'}
[0.000673] (-) JobUnselected: {'identifier': 'examples_rclcpp_minimal_timer'}
[0.000683] (-) JobUnselected: {'identifier': 'examples_rclcpp_multithreaded_executor'}
[0.000692] (-) JobUnselected: {'identifier': 'examples_rclcpp_wait_set'}
[0.000701] (-) JobUnselected: {'identifier': 'examples_rclpy_executors'}
[0.000710] (-) JobUnselected: {'identifier': 'examples_rclpy_guard_conditions'}
[0.000730] (-) JobUnselected: {'identifier': 'examples_rclpy_minimal_action_client'}
[0.000742] (-) JobUnselected: {'identifier': 'examples_rclpy_minimal_action_server'}
[0.000752] (-) JobUnselected: {'identifier': 'examples_rclpy_minimal_client'}
[0.000762] (-) JobUnselected: {'identifier': 'examples_rclpy_minimal_publisher'}
[0.000771] (-) JobUnselected: {'identifier': 'examples_rclpy_minimal_service'}
[0.000780] (-) JobUnselected: {'identifier': 'examples_rclpy_minimal_subscriber'}
[0.000789] (-) JobUnselected: {'identifier': 'examples_rclpy_pointcloud_publisher'}
[0.000798] (-) JobUnselected: {'identifier': 'intra_process_demo'}
[0.000807] (-) JobUnselected: {'identifier': 'launch_example_package'}
[0.000816] (-) JobUnselected: {'identifier': 'launch_example_package2'}
[0.000826] (-) JobUnselected: {'identifier': 'launch_testing_examples'}
[0.000835] (-) JobUnselected: {'identifier': 'my_package'}
[0.000844] (-) JobUnselected: {'identifier': 'my_py_package'}
[0.000853] (-) JobUnselected: {'identifier': 'py_srvcli'}
[0.000862] (-) JobUnselected: {'identifier': 'python_parameters'}
[0.000871] (-) JobUnselected: {'identifier': 'turtlesim'}
[0.000880] (-) JobUnselected: {'identifier': 'tutorial_interfaces'}
[0.000889] (-) JobUnselected: {'identifier': 'yangsim'}
[0.000898] (-) JobUnselected: {'identifier': 'yinsim'}
[0.000907] (-) JobUnselected: {'identifier': 'yinyang_msgs'}
[0.000916] (-) EventReactorShutdown: {}
