[0.000000] (-) TimerEvent: {}
[0.000195] (-) JobUnselected: {'identifier': 'action_tutorials_cpp'}
[0.000248] (-) JobUnselected: {'identifier': 'action_tutorials_interfaces'}
[0.000278] (-) JobUnselected: {'identifier': 'alicesim'}
[0.000300] (-) JobUnselected: {'identifier': 'bobsim'}
[0.000317] (-) JobUnselected: {'identifier': 'composition'}
[0.000333] (-) JobUnselected: {'identifier': 'composition'}
[0.000351] (-) JobUnselected: {'identifier': 'controller_turtlesim'}
[0.000389] (-) JobUnselected: {'identifier': 'cpp_parameters'}
[0.000413] (-) JobUnselected: {'identifier': 'cpp_pubsub'}
[0.000443] (-) JobUnselected: {'identifier': 'cpp_srvcli'}
[0.000472] (-) JobUnselected: {'identifier': 'examples_rclcpp_async_client'}
[0.000502] (-) JobUnselected: {'identifier': 'examples_rclcpp_cbg_executor'}
[0.000529] (-) JobUnselected: {'identifier': 'examples_rclcpp_minimal_action_client'}
[0.000551] (-) JobUnselected: {'identifier': 'examples_rclcpp_minimal_action_server'}
[0.000571] (-) JobUnselected: {'identifier': 'examples_rclcpp_minimal_client'}
[0.000583] (-) JobUnselected: {'identifier': 'examples_rclcpp_minimal_composition'}
[0.000593] (-) JobUnselected: {'identifier': 'examples_rclcpp_minimal_publisher'}
[0.000602] (-) JobUnselected: {'identifier': 'examples_rclcpp_minimal_service'}
[0.000612] (-) JobUnselected: {'identifier': 'examples_rclcpp_minimal_subscriber'}
[0.000622] (-) JobUnselected: {'identifier': 'examples_rclcpp_minimal_timer'}
[0.000633] (-) JobUnselected: {'identifier': 'examples_rclcpp_multithreaded_executor'}
[0.000643] (-) JobUnselected: {'identifier': 'examples_rclcpp_wait_set'}
[0.000652] (-) JobUnselected: {'identifier': 'examples_rclpy_executors'}
[0.000662] (-) JobUnselected: {'identifier': 'examples_rclpy_guard_conditions'}
[0.000671] (-) JobUnselected: {'identifier': 'examples_rclpy_minimal_action_client'}
[0.000680] (-) JobUnselected: {'identifier': 'examples_rclpy_minimal_action_server'}
[0.000690] (-) JobUnselected: {'identifier': 'examples_rclpy_minimal_client'}
[0.000699] (-) JobUnselected: {'identifier': 'examples_rclpy_minimal_publisher'}
[0.000708] (-) JobUnselected: {'identifier': 'examples_rclpy_minimal_service'}
[0.000718] (-) JobUnselected: {'identifier': 'examples_rclpy_minimal_subscriber'}
[0.000727] (-) JobUnselected: {'identifier': 'examples_rclpy_pointcloud_publisher'}
[0.000736] (-) JobUnselected: {'identifier': 'intra_process_demo'}
[0.000746] (-) JobUnselected: {'identifier': 'launch_example_package'}
[0.000755] (-) JobUnselected: {'identifier': 'launch_example_package2'}
[0.000764] (-) JobUnselected: {'identifier': 'launch_testing_examples'}
[0.000773] (-) JobUnselected: {'identifier': 'my_package'}
[0.000782] (-) JobUnselected: {'identifier': 'my_py_package'}
[0.000791] (-) JobUnselected: {'identifier': 'py_srvcli'}
[0.000801] (-) JobUnselected: {'identifier': 'python_parameters'}
[0.000810] (-) JobUnselected: {'identifier': 'turtlesim'}
[0.000821] (-) JobUnselected: {'identifier': 'tutorial_interfaces'}
[0.000830] (-) JobUnselected: {'identifier': 'yangsim'}
[0.000840] (-) JobUnselected: {'identifier': 'yinsim'}
[0.000850] (-) JobUnselected: {'identifier': 'yinyang_msgs'}
[0.000860] (-) EventReactorShutdown: {}
