-- The C compiler identification is GNU 11.3.0
-- The CXX compiler identification is GNU 11.3.0
-- Detecting C compiler ABI info
-- Detecting C compiler ABI info - done
-- Check for working C compiler: /usr/bin/cc - skipped
-- Detecting C compile features
-- Detecting C compile features - done
-- Detecting CXX compiler ABI info
-- Detecting CXX compiler ABI info - done
-- Check for working CXX compiler: /usr/bin/c++ - skipped
-- Detecting CXX compile features
-- Detecting CXX compile features - done
-- Found ament_cmake: 1.3.3 (/opt/ros/humble/share/ament_cmake/cmake)
-- Found Python3: /usr/bin/python3.10 (found version "3.10.6") found components: Interpreter 
-- Found rclcpp: 16.0.3 (/opt/ros/humble/share/rclcpp/cmake)
-- Found rosidl_generator_c: 3.1.4 (/opt/ros/humble/share/rosidl_generator_c/cmake)
-- Found rosidl_adapter: 3.1.4 (/opt/ros/humble/share/rosidl_adapter/cmake)
-- Found rosidl_generator_cpp: 3.1.4 (/opt/ros/humble/share/rosidl_generator_cpp/cmake)
-- Using all available rosidl_typesupport_c: rosidl_typesupport_fastrtps_c;rosidl_typesupport_introspection_c
-- Using all available rosidl_typesupport_cpp: rosidl_typesupport_fastrtps_cpp;rosidl_typesupport_introspection_cpp
-- Found rmw_implementation_cmake: 6.1.1 (/opt/ros/humble/share/rmw_implementation_cmake/cmake)
-- Found rmw_fastrtps_cpp: 6.2.2 (/opt/ros/humble/share/rmw_fastrtps_cpp/cmake)
-- Found OpenSSL: /usr/lib/x86_64-linux-gnu/libcrypto.so (found version "3.0.2")  
-- Found FastRTPS: /opt/ros/humble/include  
-- Using RMW implementation 'rmw_fastrtps_cpp' as default
-- Looking for pthread.h
-- Looking for pthread.h - found
-- Performing Test CMAKE_HAVE_LIBC_PTHREAD
-- Performing Test CMAKE_HAVE_LIBC_PTHREAD - Success
-- Found Threads: TRUE  
-- Found tutorial_interfaces: 0.0.0 (/root/ros2_ws/install/tutorial_interfaces/share/tutorial_interfaces/cmake)
-- Found ament_lint_auto: 0.12.5 (/opt/ros/humble/share/ament_lint_auto/cmake)
-- Added test 'cppcheck' to perform static code analysis on C / C++ code
-- Configured cppcheck include dirs: 
-- Configured cppcheck exclude dirs and/or files: 
-- Added test 'lint_cmake' to check CMake code style
-- Added test 'uncrustify' to check C / C++ code style
-- Configured uncrustify additional arguments: 
-- Added test 'xmllint' to check XML markup files
-- Configuring done
-- Generating done
-- Build files have been written to: /root/ros2_ws/src/cpp_srvcli/build/cpp_srvcli
[ 50%] [32mBuilding CXX object CMakeFiles/server.dir/src/st_len_server.cpp.o[0m
[ 50%] [32mBuilding CXX object CMakeFiles/client.dir/src/st_len_client.cpp.o[0m
In file included from [01m[K/opt/ros/humble/include/rclcpp/rclcpp/logging.hpp:24[m[K,
                 from [01m[K/opt/ros/humble/include/rclcpp/rclcpp/client.hpp:40[m[K,
                 from [01m[K/opt/ros/humble/include/rclcpp/rclcpp/callback_group.hpp:24[m[K,
                 from [01m[K/opt/ros/humble/include/rclcpp/rclcpp/any_executable.hpp:20[m[K,
                 from [01m[K/opt/ros/humble/include/rclcpp/rclcpp/memory_strategy.hpp:25[m[K,
                 from [01m[K/opt/ros/humble/include/rclcpp/rclcpp/memory_strategies.hpp:18[m[K,
                 from [01m[K/opt/ros/humble/include/rclcpp/rclcpp/executor_options.hpp:20[m[K,
                 from [01m[K/opt/ros/humble/include/rclcpp/rclcpp/executor.hpp:37[m[K,
                 from [01m[K/opt/ros/humble/include/rclcpp/rclcpp/executors/multi_threaded_executor.hpp:25[m[K,
                 from [01m[K/opt/ros/humble/include/rclcpp/rclcpp/executors.hpp:21[m[K,
                 from [01m[K/opt/ros/humble/include/rclcpp/rclcpp/rclcpp.hpp:155[m[K,
                 from [01m[K/root/ros2_ws/src/cpp_srvcli/src/st_len_server.cpp:1[m[K:
[01m[K/root/ros2_ws/src/cpp_srvcli/src/st_len_server.cpp:[m[K In function ‘[01m[Kvoid add(std::shared_ptr<tutorial_interfaces::srv::StLen_Request_<std::allocator<void> > >, std::shared_ptr<tutorial_interfaces::srv::StLen_Response_<std::allocator<void> > >)[m[K’:
[01m[K/root/ros2_ws/src/cpp_srvcli/src/st_len_server.cpp:11:45:[m[K [01;35m[Kwarning: [m[Kformat ‘[01m[K%ld[m[K’ expects argument of type ‘[01m[Klong int[m[K’, but argument 5 has type ‘[01m[Ktutorial_interfaces::srv::StLen_Request_<std::allocator<void> >::_a_type[m[K’ {aka ‘[01m[Kstd::__cxx11::basic_string<char>[m[K’} [[01;35m[K-Wformat=[m[K]
   11 |   RCLCPP_INFO(rclcpp::get_logger("rclcpp"), [01;35m[K"Incoming request\na: %ld" " b: %ld"[m[K,  // CHANGE
      |                                             [01;35m[K^~~~~~~~~~~~~~~~~~~~~~~~~~~~~~~~~~~~[m[K
[01m[K/root/ros2_ws/src/cpp_srvcli/src/st_len_server.cpp:11:69:[m[K [01;36m[Knote: [m[Kformat string is defined here
   11 |   RCLCPP_INFO(rclcpp::get_logger("rclcpp"), "Incoming request\na: [01;36m[K%ld[m[K" " b: %ld",  // CHANGE
      |                                                                   [01;36m[K~~^[m[K
      |                                                                     [01;36m[K|[m[K
      |                                                                     [01;36m[Klong int[m[K
[01m[K/root/ros2_ws/src/cpp_srvcli/src/st_len_server.cpp:[m[K In function ‘[01m[Kint main(int, char**)[m[K’:
[01m[K/root/ros2_ws/src/cpp_srvcli/src/st_len_server.cpp:22:45:[m[K [01;31m[Kerror: [m[K‘[01m[KAddThreeInts[m[K’ is not a member of ‘[01m[Ktutorial_interfaces::srv[m[K’
   22 |   rclcpp::Service<tutorial_interfaces::srv::[01;31m[KAddThreeInts[m[K>::SharedPtr service =               // CHANGE
      |                                             [01;31m[K^~~~~~~~~~~~[m[K
[01m[K/root/ros2_ws/src/cpp_srvcli/src/st_len_server.cpp:22:57:[m[K [01;31m[Kerror: [m[Ktemplate argument 1 is invalid
   22 |   rclcpp::Service<tutorial_interfaces::srv::AddThreeInts[01;31m[K>[m[K::SharedPtr service =               // CHANGE
      |                                                         [01;31m[K^[m[K
[01m[K/root/ros2_ws/src/cpp_srvcli/src/st_len_server.cpp:22:70:[m[K [01;31m[Kerror: [m[Kexpected initializer before ‘[01m[Kservice[m[K’
   22 |   rclcpp::Service<tutorial_interfaces::srv::AddThreeInts>::SharedPtr [01;31m[Kservice[m[K =               // CHANGE
      |                                                                      [01;31m[K^~~~~~~[m[K
gmake[2]: *** [CMakeFiles/server.dir/build.make:76: CMakeFiles/server.dir/src/st_len_server.cpp.o] Error 1
gmake[1]: *** [CMakeFiles/Makefile2:139: CMakeFiles/server.dir/all] Error 2
gmake[1]: *** Waiting for unfinished jobs....
[ 75%] [32m[1mLinking CXX executable client[0m
[ 75%] Built target client
gmake: *** [Makefile:146: all] Error 2
