running egg_info
creating ../build/gz_ros2_laserscan/gz_ros2_laserscan.egg-info
writing ../build/gz_ros2_laserscan/gz_ros2_laserscan.egg-info/PKG-INFO
writing dependency_links to ../build/gz_ros2_laserscan/gz_ros2_laserscan.egg-info/dependency_links.txt
writing entry points to ../build/gz_ros2_laserscan/gz_ros2_laserscan.egg-info/entry_points.txt
writing requirements to ../build/gz_ros2_laserscan/gz_ros2_laserscan.egg-info/requires.txt
writing top-level names to ../build/gz_ros2_laserscan/gz_ros2_laserscan.egg-info/top_level.txt
writing manifest file '../build/gz_ros2_laserscan/gz_ros2_laserscan.egg-info/SOURCES.txt'
reading manifest file '../build/gz_ros2_laserscan/gz_ros2_laserscan.egg-info/SOURCES.txt'
writing manifest file '../build/gz_ros2_laserscan/gz_ros2_laserscan.egg-info/SOURCES.txt'
running build
running build_py
creating /root/ros2_ws/src/build/gz_ros2_laserscan/build
creating /root/ros2_ws/src/build/gz_ros2_laserscan/build/lib
creating /root/ros2_ws/src/build/gz_ros2_laserscan/build/lib/gz_ros2_laserscan
copying gz_ros2_laserscan/__init__.py -> /root/ros2_ws/src/build/gz_ros2_laserscan/build/lib/gz_ros2_laserscan
copying gz_ros2_laserscan/gz_ros2_twist.py -> /root/ros2_ws/src/build/gz_ros2_laserscan/build/lib/gz_ros2_laserscan
copying gz_ros2_laserscan/gz_ros2_laserscan.py -> /root/ros2_ws/src/build/gz_ros2_laserscan/build/lib/gz_ros2_laserscan
running install
running install_lib
creating /root/ros2_ws/src/install/gz_ros2_laserscan/lib/python3.10/site-packages/gz_ros2_laserscan
copying /root/ros2_ws/src/build/gz_ros2_laserscan/build/lib/gz_ros2_laserscan/__init__.py -> /root/ros2_ws/src/install/gz_ros2_laserscan/lib/python3.10/site-packages/gz_ros2_laserscan
copying /root/ros2_ws/src/build/gz_ros2_laserscan/build/lib/gz_ros2_laserscan/gz_ros2_twist.py -> /root/ros2_ws/src/install/gz_ros2_laserscan/lib/python3.10/site-packages/gz_ros2_laserscan
copying /root/ros2_ws/src/build/gz_ros2_laserscan/build/lib/gz_ros2_laserscan/gz_ros2_laserscan.py -> /root/ros2_ws/src/install/gz_ros2_laserscan/lib/python3.10/site-packages/gz_ros2_laserscan
byte-compiling /root/ros2_ws/src/install/gz_ros2_laserscan/lib/python3.10/site-packages/gz_ros2_laserscan/__init__.py to __init__.cpython-310.pyc
byte-compiling /root/ros2_ws/src/install/gz_ros2_laserscan/lib/python3.10/site-packages/gz_ros2_laserscan/gz_ros2_twist.py to gz_ros2_twist.cpython-310.pyc
byte-compiling /root/ros2_ws/src/install/gz_ros2_laserscan/lib/python3.10/site-packages/gz_ros2_laserscan/gz_ros2_laserscan.py to gz_ros2_laserscan.cpython-310.pyc
running install_data
creating /root/ros2_ws/src/install/gz_ros2_laserscan/share/ament_index
creating /root/ros2_ws/src/install/gz_ros2_laserscan/share/ament_index/resource_index
creating /root/ros2_ws/src/install/gz_ros2_laserscan/share/ament_index/resource_index/packages
copying resource/gz_ros2_laserscan -> /root/ros2_ws/src/install/gz_ros2_laserscan/share/ament_index/resource_index/packages
copying package.xml -> /root/ros2_ws/src/install/gz_ros2_laserscan/share/gz_ros2_laserscan
creating /root/ros2_ws/src/install/gz_ros2_laserscan/share/gz_ros2_laserscan/launch
copying launch/ros_gz_bridge.launch.py -> /root/ros2_ws/src/install/gz_ros2_laserscan/share/gz_ros2_laserscan/launch
running install_egg_info
Copying ../build/gz_ros2_laserscan/gz_ros2_laserscan.egg-info to /root/ros2_ws/src/install/gz_ros2_laserscan/lib/python3.10/site-packages/gz_ros2_laserscan-0.0.0-py3.10.egg-info
running install_scripts
Installing gz_ros2_laserscan script to /root/ros2_ws/src/install/gz_ros2_laserscan/lib/gz_ros2_laserscan
writing list of installed files to '/root/ros2_ws/src/build/gz_ros2_laserscan/install.log'
