-- The C compiler identification is GNU 11.3.0
-- The CXX compiler identification is GNU 11.3.0
-- Detecting C compiler ABI info
-- Detecting C compiler ABI info - done
-- Check for working C compiler: /usr/bin/cc - skipped
-- Detecting C compile features
-- Detecting C compile features - done
-- Detecting CXX compiler ABI info
-- Detecting CXX compiler ABI info - done
-- Check for working CXX compiler: /usr/bin/c++ - skipped
-- Detecting CXX compile features
-- Detecting CXX compile features - done
-- Found ament_cmake: 1.3.3 (/opt/ros/humble/share/ament_cmake/cmake)
-- Found Python3: /usr/bin/python3.10 (found version "3.10.6") found components: Interpreter 
-- Found ament_lint_auto: 0.12.5 (/opt/ros/humble/share/ament_lint_auto/cmake)
-- Added test 'lint_cmake' to check CMake code style
-- Added test 'xmllint' to check XML markup files
-- Configuring done
-- Generating done
-- Build files have been written to: /root/ros2_ws/src/build/my_talker
-- Install configuration: ""
-- Installing: /root/ros2_ws/src/install/my_talker/share/ament_index/resource_index/package_run_dependencies/my_talker
-- Installing: /root/ros2_ws/src/install/my_talker/share/ament_index/resource_index/parent_prefix_path/my_talker
-- Installing: /root/ros2_ws/src/install/my_talker/share/my_talker/environment/ament_prefix_path.sh
-- Installing: /root/ros2_ws/src/install/my_talker/share/my_talker/environment/ament_prefix_path.dsv
-- Installing: /root/ros2_ws/src/install/my_talker/share/my_talker/environment/path.sh
-- Installing: /root/ros2_ws/src/install/my_talker/share/my_talker/environment/path.dsv
-- Installing: /root/ros2_ws/src/install/my_talker/share/my_talker/local_setup.bash
-- Installing: /root/ros2_ws/src/install/my_talker/share/my_talker/local_setup.sh
-- Installing: /root/ros2_ws/src/install/my_talker/share/my_talker/local_setup.zsh
-- Installing: /root/ros2_ws/src/install/my_talker/share/my_talker/local_setup.dsv
-- Installing: /root/ros2_ws/src/install/my_talker/share/my_talker/package.dsv
-- Installing: /root/ros2_ws/src/install/my_talker/share/ament_index/resource_index/packages/my_talker
-- Installing: /root/ros2_ws/src/install/my_talker/share/my_talker/cmake/my_talkerConfig.cmake
-- Installing: /root/ros2_ws/src/install/my_talker/share/my_talker/cmake/my_talkerConfig-version.cmake
-- Installing: /root/ros2_ws/src/install/my_talker/share/my_talker/package.xml
