[0.010s] Invoking command in '/root/ros2_ws/src/build/my_talker': CMAKE_PREFIX_PATH=/opt/ros/humble /usr/bin/cmake /root/ros2_ws/src/my_talker -DCMAKE_INSTALL_PREFIX=/root/ros2_ws/src/install/my_talker
[0.052s] -- The C compiler identification is GNU 11.3.0
[0.095s] -- The CXX compiler identification is GNU 11.3.0
[0.101s] -- Detecting C compiler ABI info
[0.155s] -- Detecting C compiler ABI info - done
[0.160s] -- Check for working C compiler: /usr/bin/cc - skipped
[0.161s] -- Detecting C compile features
[0.161s] -- Detecting C compile features - done
[0.163s] -- Detecting CXX compiler ABI info
[0.223s] -- Detecting CXX compiler ABI info - done
[0.229s] -- Check for working CXX compiler: /usr/bin/c++ - skipped
[0.230s] -- Detecting CXX compile features
[0.230s] -- Detecting CXX compile features - done
[0.232s] -- Found ament_cmake: 1.3.3 (/opt/ros/humble/share/ament_cmake/cmake)
[0.357s] -- Found Python3: /usr/bin/python3.10 (found version "3.10.6") found components: Interpreter 
[0.419s] -- Found ament_lint_auto: 0.12.5 (/opt/ros/humble/share/ament_lint_auto/cmake)
[0.480s] -- Added test 'lint_cmake' to check CMake code style
[0.481s] -- Added test 'xmllint' to check XML markup files
[0.481s] -- Configuring done
[0.484s] -- Generating done
[0.485s] -- Build files have been written to: /root/ros2_ws/src/build/my_talker
[0.490s] Invoked command in '/root/ros2_ws/src/build/my_talker' returned '0': CMAKE_PREFIX_PATH=/opt/ros/humble /usr/bin/cmake /root/ros2_ws/src/my_talker -DCMAKE_INSTALL_PREFIX=/root/ros2_ws/src/install/my_talker
[0.490s] Invoking command in '/root/ros2_ws/src/build/my_talker': CMAKE_PREFIX_PATH=/opt/ros/humble /usr/bin/cmake --build /root/ros2_ws/src/build/my_talker -- -j2 -l2
[0.517s] Invoked command in '/root/ros2_ws/src/build/my_talker' returned '0': CMAKE_PREFIX_PATH=/opt/ros/humble /usr/bin/cmake --build /root/ros2_ws/src/build/my_talker -- -j2 -l2
[0.545s] Invoking command in '/root/ros2_ws/src/build/my_talker': CMAKE_PREFIX_PATH=/opt/ros/humble /usr/bin/cmake --install /root/ros2_ws/src/build/my_talker
[0.551s] -- Install configuration: ""
[0.551s] -- Installing: /root/ros2_ws/src/install/my_talker/share/ament_index/resource_index/package_run_dependencies/my_talker
[0.551s] -- Installing: /root/ros2_ws/src/install/my_talker/share/ament_index/resource_index/parent_prefix_path/my_talker
[0.551s] -- Installing: /root/ros2_ws/src/install/my_talker/share/my_talker/environment/ament_prefix_path.sh
[0.551s] -- Installing: /root/ros2_ws/src/install/my_talker/share/my_talker/environment/ament_prefix_path.dsv
[0.552s] -- Installing: /root/ros2_ws/src/install/my_talker/share/my_talker/environment/path.sh
[0.552s] -- Installing: /root/ros2_ws/src/install/my_talker/share/my_talker/environment/path.dsv
[0.552s] -- Installing: /root/ros2_ws/src/install/my_talker/share/my_talker/local_setup.bash
[0.552s] -- Installing: /root/ros2_ws/src/install/my_talker/share/my_talker/local_setup.sh
[0.552s] -- Installing: /root/ros2_ws/src/install/my_talker/share/my_talker/local_setup.zsh
[0.552s] -- Installing: /root/ros2_ws/src/install/my_talker/share/my_talker/local_setup.dsv
[0.552s] -- Installing: /root/ros2_ws/src/install/my_talker/share/my_talker/package.dsv
[0.552s] -- Installing: /root/ros2_ws/src/install/my_talker/share/ament_index/resource_index/packages/my_talker
[0.553s] -- Installing: /root/ros2_ws/src/install/my_talker/share/my_talker/cmake/my_talkerConfig.cmake
[0.553s] -- Installing: /root/ros2_ws/src/install/my_talker/share/my_talker/cmake/my_talkerConfig-version.cmake
[0.553s] -- Installing: /root/ros2_ws/src/install/my_talker/share/my_talker/package.xml
[0.561s] Invoked command in '/root/ros2_ws/src/build/my_talker' returned '0': CMAKE_PREFIX_PATH=/opt/ros/humble /usr/bin/cmake --install /root/ros2_ws/src/build/my_talker
