-- The C compiler identification is GNU 11.3.0
-- The CXX compiler identification is GNU 11.3.0
-- Detecting C compiler ABI info
-- Detecting C compiler ABI info - done
-- Check for working C compiler: /usr/bin/cc - skipped
-- Detecting C compile features
-- Detecting C compile features - done
-- Detecting CXX compiler ABI info
-- Detecting CXX compiler ABI info - done
-- Check for working CXX compiler: /usr/bin/c++ - skipped
-- Detecting CXX compile features
-- Detecting CXX compile features - done
-- Found ament_cmake: 1.3.3 (/opt/ros/humble/share/ament_cmake/cmake)
-- Found Python3: /usr/bin/python3.10 (found version "3.10.6") found components: Interpreter 
-- Found rclcpp: 16.0.3 (/opt/ros/humble/share/rclcpp/cmake)
-- Found rosidl_generator_c: 3.1.4 (/opt/ros/humble/share/rosidl_generator_c/cmake)
-- Found rosidl_adapter: 3.1.4 (/opt/ros/humble/share/rosidl_adapter/cmake)
-- Found rosidl_generator_cpp: 3.1.4 (/opt/ros/humble/share/rosidl_generator_cpp/cmake)
-- Using all available rosidl_typesupport_c: rosidl_typesupport_fastrtps_c;rosidl_typesupport_introspection_c
-- Using all available rosidl_typesupport_cpp: rosidl_typesupport_fastrtps_cpp;rosidl_typesupport_introspection_cpp
-- Found rmw_implementation_cmake: 6.1.1 (/opt/ros/humble/share/rmw_implementation_cmake/cmake)
-- Found rmw_fastrtps_cpp: 6.2.2 (/opt/ros/humble/share/rmw_fastrtps_cpp/cmake)
-- Found OpenSSL: /usr/lib/x86_64-linux-gnu/libcrypto.so (found version "3.0.2")  
-- Found FastRTPS: /opt/ros/humble/include  
-- Using RMW implementation 'rmw_fastrtps_cpp' as default
-- Looking for pthread.h
-- Looking for pthread.h - found
-- Performing Test CMAKE_HAVE_LIBC_PTHREAD
-- Performing Test CMAKE_HAVE_LIBC_PTHREAD - Success
-- Found Threads: TRUE  
-- Found rclcpp_components: 16.0.3 (/opt/ros/humble/share/rclcpp_components/cmake)
-- Configuring done
-- Generating done
-- Build files have been written to: /root/ros2_ws/src/build/my_talker
[ 25%] [32mBuilding CXX object CMakeFiles/talker_component.dir/src/talker_component.cpp.o[0m
[ 50%] [32m[1mLinking CXX shared library libtalker_component.so[0m
[ 50%] Built target talker_component
[ 75%] [32mBuilding CXX object CMakeFiles/main_exec.dir/src/main_exec.cpp.o[0m
[100%] [32m[1mLinking CXX executable main_exec[0m
[100%] Built target main_exec
-- Install configuration: ""
-- Installing: /root/ros2_ws/src/install/my_talker/share/my_talker/environment/library_path.sh
-- Installing: /root/ros2_ws/src/install/my_talker/share/my_talker/environment/library_path.dsv
-- Installing: /root/ros2_ws/src/install/my_talker/lib/libtalker_component.so
-- Set runtime path of "/root/ros2_ws/src/install/my_talker/lib/libtalker_component.so" to ""
-- Installing: /root/ros2_ws/src/install/my_talker/lib/my_talker/main_exec
-- Set runtime path of "/root/ros2_ws/src/install/my_talker/lib/my_talker/main_exec" to ""
-- Installing: /root/ros2_ws/src/install/my_talker/share/ament_index/resource_index/package_run_dependencies/my_talker
-- Installing: /root/ros2_ws/src/install/my_talker/share/ament_index/resource_index/parent_prefix_path/my_talker
-- Installing: /root/ros2_ws/src/install/my_talker/share/my_talker/environment/ament_prefix_path.sh
-- Installing: /root/ros2_ws/src/install/my_talker/share/my_talker/environment/ament_prefix_path.dsv
-- Installing: /root/ros2_ws/src/install/my_talker/share/my_talker/environment/path.sh
-- Installing: /root/ros2_ws/src/install/my_talker/share/my_talker/environment/path.dsv
-- Installing: /root/ros2_ws/src/install/my_talker/share/my_talker/local_setup.bash
-- Installing: /root/ros2_ws/src/install/my_talker/share/my_talker/local_setup.sh
-- Installing: /root/ros2_ws/src/install/my_talker/share/my_talker/local_setup.zsh
-- Installing: /root/ros2_ws/src/install/my_talker/share/my_talker/local_setup.dsv
-- Installing: /root/ros2_ws/src/install/my_talker/share/my_talker/package.dsv
-- Installing: /root/ros2_ws/src/install/my_talker/share/ament_index/resource_index/packages/my_talker
-- Installing: /root/ros2_ws/src/install/my_talker/share/ament_index/resource_index/rclcpp_components/my_talker
-- Installing: /root/ros2_ws/src/install/my_talker/share/my_talker/cmake/my_talkerConfig.cmake
-- Installing: /root/ros2_ws/src/install/my_talker/share/my_talker/cmake/my_talkerConfig-version.cmake
-- Installing: /root/ros2_ws/src/install/my_talker/share/my_talker/package.xml
