[0.010s] Invoking command in '/root/ros2_ws/src/build/my_talker': CMAKE_PREFIX_PATH=/opt/ros/humble /usr/bin/cmake /root/ros2_ws/src/my_talker -DCMAKE_INSTALL_PREFIX=/root/ros2_ws/src/install/my_talker
[0.056s] -- The C compiler identification is GNU 11.3.0
[0.099s] -- The CXX compiler identification is GNU 11.3.0
[0.105s] -- Detecting C compiler ABI info
[0.183s] -- Detecting C compiler ABI info - done
[0.191s] -- Check for working C compiler: /usr/bin/cc - skipped
[0.191s] -- Detecting C compile features
[0.192s] -- Detecting C compile features - done
[0.196s] -- Detecting CXX compiler ABI info
[0.268s] -- Detecting CXX compiler ABI info - done
[0.274s] -- Check for working CXX compiler: /usr/bin/c++ - skipped
[0.274s] -- Detecting CXX compile features
[0.275s] -- Detecting CXX compile features - done
[0.276s] -- Found ament_cmake: 1.3.3 (/opt/ros/humble/share/ament_cmake/cmake)
[0.450s] -- Found Python3: /usr/bin/python3.10 (found version "3.10.6") found components: Interpreter 
[0.519s] -- Found rclcpp: 16.0.3 (/opt/ros/humble/share/rclcpp/cmake)
[0.574s] -- Found rosidl_generator_c: 3.1.4 (/opt/ros/humble/share/rosidl_generator_c/cmake)
[0.581s] -- Found rosidl_adapter: 3.1.4 (/opt/ros/humble/share/rosidl_adapter/cmake)
[0.592s] -- Found rosidl_generator_cpp: 3.1.4 (/opt/ros/humble/share/rosidl_generator_cpp/cmake)
[0.612s] -- Using all available rosidl_typesupport_c: rosidl_typesupport_fastrtps_c;rosidl_typesupport_introspection_c
[0.626s] -- Using all available rosidl_typesupport_cpp: rosidl_typesupport_fastrtps_cpp;rosidl_typesupport_introspection_cpp
[0.677s] -- Found rmw_implementation_cmake: 6.1.1 (/opt/ros/humble/share/rmw_implementation_cmake/cmake)
[0.679s] -- Found rmw_fastrtps_cpp: 6.2.2 (/opt/ros/humble/share/rmw_fastrtps_cpp/cmake)
[0.754s] -- Found OpenSSL: /usr/lib/x86_64-linux-gnu/libcrypto.so (found version "3.0.2")  
[0.773s] -- Found FastRTPS: /opt/ros/humble/include  
[0.810s] -- Using RMW implementation 'rmw_fastrtps_cpp' as default
[0.816s] -- Looking for pthread.h
[0.876s] -- Looking for pthread.h - found
[0.879s] -- Performing Test CMAKE_HAVE_LIBC_PTHREAD
[0.936s] -- Performing Test CMAKE_HAVE_LIBC_PTHREAD - Success
[0.937s] -- Found Threads: TRUE  
[1.138s] -- Found rclcpp_components: 16.0.3 (/opt/ros/humble/share/rclcpp_components/cmake)
[1.245s] -- Configuring done
[1.261s] -- Generating done
[1.263s] -- Build files have been written to: /root/ros2_ws/src/build/my_talker
[1.272s] Invoked command in '/root/ros2_ws/src/build/my_talker' returned '0': CMAKE_PREFIX_PATH=/opt/ros/humble /usr/bin/cmake /root/ros2_ws/src/my_talker -DCMAKE_INSTALL_PREFIX=/root/ros2_ws/src/install/my_talker
[1.274s] Invoking command in '/root/ros2_ws/src/build/my_talker': CMAKE_PREFIX_PATH=/opt/ros/humble /usr/bin/cmake --build /root/ros2_ws/src/build/my_talker -- -j2 -l2
[1.319s] [ 25%] [32mBuilding CXX object CMakeFiles/talker_component.dir/src/talker_component.cpp.o[0m
[6.872s] [ 50%] [32m[1mLinking CXX shared library libtalker_component.so[0m
[7.076s] [ 50%] Built target talker_component
[7.104s] [ 75%] [32mBuilding CXX object CMakeFiles/main_exec.dir/src/main_exec.cpp.o[0m
[9.924s] [100%] [32m[1mLinking CXX executable main_exec[0m
[10.039s] [100%] Built target main_exec
[10.053s] Invoked command in '/root/ros2_ws/src/build/my_talker' returned '0': CMAKE_PREFIX_PATH=/opt/ros/humble /usr/bin/cmake --build /root/ros2_ws/src/build/my_talker -- -j2 -l2
[10.093s] Invoking command in '/root/ros2_ws/src/build/my_talker': CMAKE_PREFIX_PATH=/opt/ros/humble /usr/bin/cmake --install /root/ros2_ws/src/build/my_talker
[10.099s] -- Install configuration: ""
[10.100s] -- Installing: /root/ros2_ws/src/install/my_talker/share/my_talker/environment/library_path.sh
[10.100s] -- Installing: /root/ros2_ws/src/install/my_talker/share/my_talker/environment/library_path.dsv
[10.100s] -- Installing: /root/ros2_ws/src/install/my_talker/lib/libtalker_component.so
[10.102s] -- Set runtime path of "/root/ros2_ws/src/install/my_talker/lib/libtalker_component.so" to ""
[10.102s] -- Installing: /root/ros2_ws/src/install/my_talker/lib/my_talker/main_exec
[10.102s] -- Set runtime path of "/root/ros2_ws/src/install/my_talker/lib/my_talker/main_exec" to ""
[10.102s] -- Installing: /root/ros2_ws/src/install/my_talker/share/ament_index/resource_index/package_run_dependencies/my_talker
[10.103s] -- Installing: /root/ros2_ws/src/install/my_talker/share/ament_index/resource_index/parent_prefix_path/my_talker
[10.103s] -- Installing: /root/ros2_ws/src/install/my_talker/share/my_talker/environment/ament_prefix_path.sh
[10.103s] -- Installing: /root/ros2_ws/src/install/my_talker/share/my_talker/environment/ament_prefix_path.dsv
[10.103s] -- Installing: /root/ros2_ws/src/install/my_talker/share/my_talker/environment/path.sh
[10.104s] -- Installing: /root/ros2_ws/src/install/my_talker/share/my_talker/environment/path.dsv
[10.104s] -- Installing: /root/ros2_ws/src/install/my_talker/share/my_talker/local_setup.bash
[10.104s] -- Installing: /root/ros2_ws/src/install/my_talker/share/my_talker/local_setup.sh
[10.104s] -- Installing: /root/ros2_ws/src/install/my_talker/share/my_talker/local_setup.zsh
[10.104s] -- Installing: /root/ros2_ws/src/install/my_talker/share/my_talker/local_setup.dsv
[10.105s] -- Installing: /root/ros2_ws/src/install/my_talker/share/my_talker/package.dsv
[10.105s] -- Installing: /root/ros2_ws/src/install/my_talker/share/ament_index/resource_index/packages/my_talker
[10.105s] -- Installing: /root/ros2_ws/src/install/my_talker/share/ament_index/resource_index/rclcpp_components/my_talker
[10.105s] -- Installing: /root/ros2_ws/src/install/my_talker/share/my_talker/cmake/my_talkerConfig.cmake
[10.106s] -- Installing: /root/ros2_ws/src/install/my_talker/share/my_talker/cmake/my_talkerConfig-version.cmake
[10.106s] -- Installing: /root/ros2_ws/src/install/my_talker/share/my_talker/package.xml
[10.108s] Invoked command in '/root/ros2_ws/src/build/my_talker' returned '0': CMAKE_PREFIX_PATH=/opt/ros/humble /usr/bin/cmake --install /root/ros2_ws/src/build/my_talker
