[0.012s] Invoking command in '/root/ros2_ws/src/build/my_talker': CMAKE_PREFIX_PATH=/opt/ros/humble /usr/bin/cmake --build /root/ros2_ws/src/build/my_talker -- -j2 -l2
[0.041s] -- Found ament_cmake: 1.3.3 (/opt/ros/humble/share/ament_cmake/cmake)
[0.185s] -- Found rclcpp: 16.0.3 (/opt/ros/humble/share/rclcpp/cmake)
[0.216s] -- Found rosidl_generator_c: 3.1.4 (/opt/ros/humble/share/rosidl_generator_c/cmake)
[0.221s] -- Found rosidl_adapter: 3.1.4 (/opt/ros/humble/share/rosidl_adapter/cmake)
[0.232s] -- Found rosidl_generator_cpp: 3.1.4 (/opt/ros/humble/share/rosidl_generator_cpp/cmake)
[0.249s] -- Using all available rosidl_typesupport_c: rosidl_typesupport_fastrtps_c;rosidl_typesupport_introspection_c
[0.276s] -- Using all available rosidl_typesupport_cpp: rosidl_typesupport_fastrtps_cpp;rosidl_typesupport_introspection_cpp
[0.361s] -- Found rmw_implementation_cmake: 6.1.1 (/opt/ros/humble/share/rmw_implementation_cmake/cmake)
[0.364s] -- Found rmw_fastrtps_cpp: 6.2.2 (/opt/ros/humble/share/rmw_fastrtps_cpp/cmake)
[0.465s] -- Found OpenSSL: /usr/lib/x86_64-linux-gnu/libcrypto.so (found version "3.0.2")  
[0.487s] -- Found FastRTPS: /opt/ros/humble/include  
[0.524s] -- Using RMW implementation 'rmw_fastrtps_cpp' as default
[0.535s] -- Looking for pthread.h
[0.599s] -- Looking for pthread.h - found
[0.599s] -- Performing Test CMAKE_HAVE_LIBC_PTHREAD
[0.664s] -- Performing Test CMAKE_HAVE_LIBC_PTHREAD - Success
[0.665s] -- Found Threads: TRUE  
[0.872s] -- Found rclcpp_components: 16.0.3 (/opt/ros/humble/share/rclcpp_components/cmake)
[1.017s] [31mCMake Error at /opt/ros/humble/share/ament_cmake_core/cmake/core/ament_package_xml.cmake:53 (message):
[1.017s]   ament_package_xml() package name 'my_talker' in '/package.xml' does not
[1.018s]   match current PROJECT_NAME 'composition'.  You must call project() with the
[1.018s]   same package name before.
[1.018s] Call Stack (most recent call first):
[1.018s]   /opt/ros/humble/share/ament_cmake_core/cmake/core/ament_package.cmake:63 (ament_package_xml)
[1.018s]   CMakeLists.txt:61 (ament_package)
[1.018s] 
[1.018s] [0m
[1.019s] -- Configuring incomplete, errors occurred!
[1.019s] See also "/root/ros2_ws/src/build/my_talker/CMakeFiles/CMakeOutput.log".
[1.023s] gmake: *** [Makefile:226: cmake_check_build_system] Error 1
[1.027s] Invoked command in '/root/ros2_ws/src/build/my_talker' returned '2': CMAKE_PREFIX_PATH=/opt/ros/humble /usr/bin/cmake --build /root/ros2_ws/src/build/my_talker -- -j2 -l2
